# Logfile created on Tue Jul 29 21:55:10 +0200 2008 by logger.rb/1.5.2.9


Processing TasksController#index (for 127.0.0.1 at 2008-07-29 21:55:30) [GET]
  Session ID: 473de0323a9889f0111e8110c59ddf2b
  Parameters: {"action"=>"index", "controller"=>"tasks"}
Redirected to http://localhost:3000/login
Filter chain halted as [#<ActionController::Filters::ClassMethods::SymbolFilter:0x4163c18 @filter=:login_required>] returned false.
Completed in 0.00010 (10000 reqs/sec) | 302 Found [http://localhost/]


Processing SessionsController#new (for 127.0.0.1 at 2008-07-29 21:55:30) [GET]
  Session ID: 473de0323a9889f0111e8110c59ddf2b
  Parameters: {"action"=>"new", "controller"=>"sessions"}
Rendering  within layouts/login
Rendering sessions/new
Rendered layouts/_stats (0.03200)
Completed in 0.03200 (31 reqs/sec) | Rendering: 0.03200 (100%) | 200 OK [http://localhost/login]


Processing SessionsController#create (for 127.0.0.1 at 2008-07-29 21:55:35) [POST]
  Session ID: 473de0323a9889f0111e8110c59ddf2b
  Parameters: {"commit"=>"Log in", "action"=>"create", "controller"=>"sessions", "login"=>"ook", "password"=>"thorala"}
  [4;36;1mUser Load (0.000000)[0m   [0;1mSELECT * FROM users WHERE (users."login" = 'ook') LIMIT 1[0m
Rendering layoutfalseactionnew within layouts/login
Rendering sessions/new
Rendered layouts/_stats (0.00000)
Completed in 0.68800 (1 reqs/sec) | Rendering: 0.03100 (4%) | DB: 0.00000 (0%) | 200 OK [http://localhost/sessions]


Processing UsersController#new (for 127.0.0.1 at 2008-07-29 21:55:39) [GET]
  Session ID: 473de0323a9889f0111e8110c59ddf2b
  Parameters: {"action"=>"new", "controller"=>"users"}
Rendering  within layouts/login
Rendering users/new
Rendered layouts/_stats (0.00000)
Completed in 0.01600 (62 reqs/sec) | Rendering: 0.01600 (100%) | 200 OK [http://localhost/signup]


Processing UsersController#create (for 127.0.0.1 at 2008-07-29 21:55:46) [POST]
  Session ID: 473de0323a9889f0111e8110c59ddf2b
  Parameters: {"user"=>{"password_confirmation"=>"thorala", "login"=>"ook", "password"=>"thorala"}, "commit"=>"Sign up", "action"=>"create", "controller"=>"users"}
  [4;35;1mUser Load (0.000000)[0m   [0mSELECT * FROM users WHERE (LOWER(users.login) = 'ook') LIMIT 1[0m
  [4;36;1mSQL (0.000000)[0m   [0;1mINSERT INTO users ("salt", "updated_at", "crypted_password", "remember_token_expires_at", "remember_token", "login", "created_at", "email") VALUES('e81bbb9da240d2000cacafdb78f9c361feabc38f', '2008-07-29 21:55:46', 'd64e00f9946c6d81b5e39e390dce54ce01780c76', NULL, NULL, 'ook', '2008-07-29 21:55:46', NULL)[0m
  [4;35;1mTask Load (0.000000)[0m   [0mSELECT * FROM tasks WHERE (user_id = 1) ORDER BY position DESC LIMIT 1[0m
  [4;36;1mSQL (0.000000)[0m   [0;1mINSERT INTO tasks ("completed_at", "name", "category", "user_id", "position", "created_at", "due_on") VALUES(NULL, 'Try Donebox and be more productive than David Allen himself', 'donebox', 1, 1, '2008-07-29 21:55:46', '2008-07-29')[0m
Redirected to http://localhost:3000/
Completed in 1.01500 (0 reqs/sec) | DB: 0.00000 (0%) | 302 Found [http://localhost/users]


Processing TasksController#index (for 127.0.0.1 at 2008-07-29 21:55:47) [GET]
  Session ID: 473de0323a9889f0111e8110c59ddf2b
  Parameters: {"action"=>"index", "controller"=>"tasks"}
  [4;35;1mUser Load (0.000000)[0m   [0mSELECT * FROM users WHERE (users."id" = 1) LIMIT 1[0m
  [4;36;1mTask Load (0.000000)[0m   [0;1mSELECT * FROM tasks WHERE (tasks.user_id = 1 AND (due_on IS NOT NULL AND completed_at IS NULL)) ORDER BY due_on, position[0m
  [4;35;1mTask Load (0.000000)[0m   [0mSELECT * FROM tasks WHERE (tasks.user_id = 1 AND (due_on IS NULL AND completed_at IS NULL)) ORDER BY position[0m
  [4;36;1mTask Load (0.000000)[0m   [0;1mSELECT * FROM tasks WHERE (tasks.user_id = 1) [0m
Cookie set: been_here=true; path=/; expires=Thu, 30 Jul 2009 01:55:47 GMT
Rendering layoutfalsecontent_typetext/htmlactionindex within layouts/application
Rendering tasks/index
Rendered tasks/_first_time (0.00000)
Rendered tasks/_task (0.01500)
Rendered tasks/_tasks (0.03100)
Rendered tasks/_tasks (0.00000)
Rendered tasks/_tasks (0.00000)
Rendered layouts/_stats (0.00000)
Rendered layouts/_footer (0.00000)
Completed in 0.18700 (5 reqs/sec) | Rendering: 0.07800 (41%) | DB: 0.00000 (0%) | 200 OK [http://localhost/]


Processing TasksController#complete (for 127.0.0.1 at 2008-07-29 21:55:52) [POST]
  Session ID: 473de0323a9889f0111e8110c59ddf2b
  Parameters: {"action"=>"complete", "id"=>"1", "controller"=>"tasks"}
  [4;35;1mUser Load (0.000000)[0m   [0mSELECT * FROM users WHERE (users."id" = 1) LIMIT 1[0m
  [4;36;1mTask Load (0.000000)[0m   [0;1mSELECT * FROM tasks WHERE (tasks."id" = 1 AND (tasks.user_id = 1)) [0m
  [4;35;1mTask Update (0.000000)[0m   [0mUPDATE tasks SET "created_at" = '2008-07-29 21:55:46', "category" = 'donebox', "name" = 'Try Donebox and be more productive than David Allen himself', "completed_at" = '2008-07-29 21:55:53', "due_on" = '2008-07-29 00:00:00', "position" = 1, "user_id" = 1 WHERE "id" = 1[0m
Rendering tasks/complete.rjs
Completed in 0.68700 (1 reqs/sec) | Rendering: 0.01500 (2%) | DB: 0.00000 (0%) | 200 OK [http://localhost/tasks/1;complete]
